2024-10-15T11:30:16.278-05:00  INFO 40980 --- [SysAlmacenFX] [main] p.e.u.s.SysAlmacenFxApplication          : Starting SysAlmacenFxApplication using Java 23 with PID 40980 (D:\Nueva carpeta\POO2024C2\POO2024C2G1\SysAlmacenFX\target\classes started by Datos in D:\Nueva carpeta\POO2024C2\POO2024C2G1\SysAlmacenFX)
2024-10-15T11:30:16.280-05:00  INFO 40980 --- [SysAlmacenFX] [main] p.e.u.s.SysAlmacenFxApplication          : No active profile set, falling back to 1 default profile: "default"
2024-10-15T11:30:16.988-05:00  INFO 40980 --- [SysAlmacenFX] [main] .s.d.r.c.RepositoryConfigurationDelegate : Bootstrapping Spring Data JPA repositories in DEFAULT mode.
2024-10-15T11:30:17.054-05:00  INFO 40980 --- [SysAlmacenFX] [main] .s.d.r.c.RepositoryConfigurationDelegate : Finished Spring Data repository scanning in 60 ms. Found 15 JPA repository interfaces.
2024-10-15T11:30:17.331-05:00  INFO 40980 --- [SysAlmacenFX] [main] o.hibernate.jpa.internal.util.LogHelper  : HHH000204: Processing PersistenceUnitInfo [name: default]
2024-10-15T11:30:17.362-05:00  INFO 40980 --- [SysAlmacenFX] [main] org.hibernate.Version                    : HHH000412: Hibernate ORM core version 6.5.3.Final
2024-10-15T11:30:17.378-05:00  INFO 40980 --- [SysAlmacenFX] [main] o.h.c.internal.RegionFactoryInitiator    : HHH000026: Second-level cache disabled
2024-10-15T11:30:17.557-05:00  INFO 40980 --- [SysAlmacenFX] [main] o.s.o.j.p.SpringPersistenceUnitInfo      : No LoadTimeWeaver setup: ignoring JPA class transformer
2024-10-15T11:30:17.583-05:00  INFO 40980 --- [SysAlmacenFX] [main] com.zaxxer.hikari.HikariDataSource       : HikariPool-1 - Starting...
2024-10-15T11:30:17.719-05:00  INFO 40980 --- [SysAlmacenFX] [main] com.zaxxer.hikari.pool.HikariPool        : HikariPool-1 - Added connection org.sqlite.jdbc4.JDBC4Connection@3830b06c
2024-10-15T11:30:17.720-05:00  INFO 40980 --- [SysAlmacenFX] [main] com.zaxxer.hikari.HikariDataSource       : HikariPool-1 - Start completed.
2024-10-15T11:30:18.563-05:00  INFO 40980 --- [SysAlmacenFX] [main] o.h.e.t.j.p.i.JtaPlatformInitiator       : HHH000489: No JTA platform available (set 'hibernate.transaction.jta.platform' to enable JTA platform integration)
2024-10-15T11:30:18.589-05:00  INFO 40980 --- [SysAlmacenFX] [main] j.LocalContainerEntityManagerFactoryBean : Initialized JPA EntityManagerFactory for persistence unit 'default'
2024-10-15T11:30:18.985-05:00  INFO 40980 --- [SysAlmacenFX] [main] p.e.u.s.SysAlmacenFxApplication          : Started SysAlmacenFxApplication in 2.957 seconds (process running for 3.204)
2024-10-15T11:30:18.991-05:00  INFO 40980 --- [SysAlmacenFX] [SpringApplicationShutdownHook] j.LocalContainerEntityManagerFactoryBean : Closing JPA EntityManagerFactory for persistence unit 'default'
2024-10-15T11:30:18.993-05:00  INFO 40980 --- [SysAlmacenFX] [SpringApplicationShutdownHook] com.zaxxer.hikari.HikariDataSource       : HikariPool-1 - Shutdown initiated...
2024-10-15T11:30:18.995-05:00  INFO 40980 --- [SysAlmacenFX] [SpringApplicationShutdownHook] com.zaxxer.hikari.HikariDataSource       : HikariPool-1 - Shutdown completed.
2024-10-15T11:30:30.781-05:00  INFO 21444 --- [SysAlmacenFX] [main] p.e.u.s.SysAlmacenFxApplication          : Starting SysAlmacenFxApplication using Java 23 with PID 21444 (D:\Nueva carpeta\POO2024C2\POO2024C2G1\SysAlmacenFX\target\classes started by Datos in D:\Nueva carpeta\POO2024C2\POO2024C2G1\SysAlmacenFX)
2024-10-15T11:30:30.783-05:00  INFO 21444 --- [SysAlmacenFX] [main] p.e.u.s.SysAlmacenFxApplication          : No active profile set, falling back to 1 default profile: "default"
2024-10-15T11:30:31.187-05:00  INFO 21444 --- [SysAlmacenFX] [main] .s.d.r.c.RepositoryConfigurationDelegate : Bootstrapping Spring Data JPA repositories in DEFAULT mode.
2024-10-15T11:30:31.252-05:00  INFO 21444 --- [SysAlmacenFX] [main] .s.d.r.c.RepositoryConfigurationDelegate : Finished Spring Data repository scanning in 60 ms. Found 15 JPA repository interfaces.
2024-10-15T11:30:31.502-05:00  INFO 21444 --- [SysAlmacenFX] [main] o.hibernate.jpa.internal.util.LogHelper  : HHH000204: Processing PersistenceUnitInfo [name: default]
2024-10-15T11:30:31.531-05:00  INFO 21444 --- [SysAlmacenFX] [main] org.hibernate.Version                    : HHH000412: Hibernate ORM core version 6.5.3.Final
2024-10-15T11:30:31.545-05:00  INFO 21444 --- [SysAlmacenFX] [main] o.h.c.internal.RegionFactoryInitiator    : HHH000026: Second-level cache disabled
2024-10-15T11:30:31.714-05:00  INFO 21444 --- [SysAlmacenFX] [main] o.s.o.j.p.SpringPersistenceUnitInfo      : No LoadTimeWeaver setup: ignoring JPA class transformer
2024-10-15T11:30:31.729-05:00  INFO 21444 --- [SysAlmacenFX] [main] com.zaxxer.hikari.HikariDataSource       : HikariPool-1 - Starting...
2024-10-15T11:30:31.836-05:00  INFO 21444 --- [SysAlmacenFX] [main] com.zaxxer.hikari.pool.HikariPool        : HikariPool-1 - Added connection org.sqlite.jdbc4.JDBC4Connection@6a2d867d
2024-10-15T11:30:31.837-05:00  INFO 21444 --- [SysAlmacenFX] [main] com.zaxxer.hikari.HikariDataSource       : HikariPool-1 - Start completed.
2024-10-15T11:30:32.606-05:00  INFO 21444 --- [SysAlmacenFX] [main] o.h.e.t.j.p.i.JtaPlatformInitiator       : HHH000489: No JTA platform available (set 'hibernate.transaction.jta.platform' to enable JTA platform integration)
2024-10-15T11:30:32.629-05:00  INFO 21444 --- [SysAlmacenFX] [main] j.LocalContainerEntityManagerFactoryBean : Initialized JPA EntityManagerFactory for persistence unit 'default'
2024-10-15T11:30:33.018-05:00  INFO 21444 --- [SysAlmacenFX] [main] p.e.u.s.SysAlmacenFxApplication          : Started SysAlmacenFxApplication in 2.478 seconds (process running for 2.718)
2024-10-15T11:30:33.022-05:00  INFO 21444 --- [SysAlmacenFX] [SpringApplicationShutdownHook] j.LocalContainerEntityManagerFactoryBean : Closing JPA EntityManagerFactory for persistence unit 'default'
2024-10-15T11:30:33.024-05:00  INFO 21444 --- [SysAlmacenFX] [SpringApplicationShutdownHook] com.zaxxer.hikari.HikariDataSource       : HikariPool-1 - Shutdown initiated...
2024-10-15T11:30:33.026-05:00  INFO 21444 --- [SysAlmacenFX] [SpringApplicationShutdownHook] com.zaxxer.hikari.HikariDataSource       : HikariPool-1 - Shutdown completed.
